<?xml version="1.0" encoding="UTF-8"?>
<!-- Generated by org.testng.reporters.JUnitXMLReporter -->
<testsuite hostname="Algorithmic-PC" name="Regression suite 1" tests="3" failures="0" timestamp="10 May 2018 10:18:14 GMT" time="756.039" errors="0">
  <testcase name="home" time="541.462" classname="com.whs.TestScript.Verify_Home_Page"/>
  <testcase name="verifyEMHat" time="131.422" classname="com.whs.TestScript.Verify_Product_Page"/>
  <testcase name="verifyBlankHat" time="56.411" classname="com.whs.TestScript.Verify_Product_Page"/>
</testsuite> <!-- Regression suite 1 -->
