<?xml version="1.0" encoding="UTF-8"?>
<testng-results skipped="0" failed="0" total="1" passed="1">
  <reporter-output>
  </reporter-output>
  <suite name="Default suite" duration-ms="2565" started-at="2019-04-12T09:59:12Z" finished-at="2019-04-12T09:59:14Z">
    <groups>
    </groups>
    <test name="Default test" duration-ms="2565" started-at="2019-04-12T09:59:12Z" finished-at="2019-04-12T09:59:14Z">
      <class name="Test.Maven.addAndDelete">
        <test-method status="PASS" signature="getData()[pri:0, instance:Test.Maven.addAndDelete@675d3402]" name="getData" is-config="true" duration-ms="0" started-at="2019-04-12T15:29:12Z" finished-at="2019-04-12T15:29:12Z">
          <reporter-output>
          </reporter-output>
        </test-method> <!-- getData -->
        <test-method status="PASS" signature="addBook()[pri:0, instance:Test.Maven.addAndDelete@675d3402]" name="addBook" duration-ms="2545" started-at="2019-04-12T15:29:12Z" finished-at="2019-04-12T15:29:14Z">
          <reporter-output>
          </reporter-output>
        </test-method> <!-- addBook -->
      </class> <!-- Test.Maven.addAndDelete -->
    </test> <!-- Default test -->
  </suite> <!-- Default suite -->
</testng-results>
