<?xml version="1.0" encoding="UTF-8"?>
<testng-results skipped="0" failed="0" total="1" passed="1">
  <reporter-output>
  </reporter-output>
  <suite name="Default suite" duration-ms="2992" started-at="2019-04-09T11:10:02Z" finished-at="2019-04-09T11:10:05Z">
    <groups>
    </groups>
    <test name="Default test" duration-ms="2992" started-at="2019-04-09T11:10:02Z" finished-at="2019-04-09T11:10:05Z">
      <class name="Test.Maven.getSerachLocation">
        <test-method status="PASS" signature="getData()[pri:0, instance:Test.Maven.getSerachLocation@675d3402]" name="getData" is-config="true" duration-ms="10" started-at="2019-04-09T16:40:02Z" finished-at="2019-04-09T16:40:02Z">
          <reporter-output>
          </reporter-output>
        </test-method> <!-- getData -->
        <test-method status="PASS" signature="getSearchLocation()[pri:0, instance:Test.Maven.getSerachLocation@675d3402]" name="getSearchLocation" duration-ms="2972" started-at="2019-04-09T16:40:02Z" finished-at="2019-04-09T16:40:05Z">
          <reporter-output>
          </reporter-output>
        </test-method> <!-- getSearchLocation -->
      </class> <!-- Test.Maven.getSerachLocation -->
    </test> <!-- Default test -->
  </suite> <!-- Default suite -->
</testng-results>
