<?xml version="1.0" encoding="UTF-8"?>
<!-- Generated by org.testng.reporters.JUnitXMLReporter -->
<testsuite hostname="Algorithmic-PC" name="Test" tests="3" failures="0" timestamp="9 Apr 2019 10:04:54 GMT" time="3.781" errors="0">
  <testcase name="addBook" time="2.487" classname="Test.Maven.AddBooks"/>
  <testcase name="deleteBook" time="0.0" classname="Test.Maven.AddBooks"/>
  <testcase name="getSearchLocation" time="1.283" classname="Test.Maven.getSerachLocation"/>
</testsuite> <!-- Test -->
